Added Component: Designator=P3(XH-A 6P)
Added Component: Designator=P4(XH-A 6P)
Added Component: Designator=P?(XH-A 13P)
Add component (AddParameter): Name = "LatestRevisionDate"; Value = "17-Jul-2002"; VariantName = "[No Variations]"
Add component (AddParameter): Name = "LatestRevisionNote"; Value = "Re-released for DXP Platform."; VariantName = "[No Variations]"
Add component (AddParameter): Name = "Publisher"; Value = "Altium Limited"; VariantName = "[No Variations]"
Added Component: Designator=R1(AXIAL-0.3)
Add component (AddParameter): Name = "LatestRevisionDate"; Value = "17-Jul-2002"; VariantName = "[No Variations]"
Add component (AddParameter): Name = "LatestRevisionNote"; Value = "Re-released for DXP Platform."; VariantName = "[No Variations]"
Add component (AddParameter): Name = "PackageDescription"; Value = "Axial Device, Thru-Hole; 2 Leads; 0.3 in Pin Spacing"; VariantName = "[No Variations]"
Add component (AddParameter): Name = "PackageReference"; Value = "AXIAL-0.3"; VariantName = "[No Variations]"
Add component (AddParameter): Name = "Published"; Value = "8-Jun-2000"; VariantName = "[No Variations]"
Add component (AddParameter): Name = "Publisher"; Value = "Altium Limited"; VariantName = "[No Variations]"
Add component (AddParameter): Name = "Value"; Value = "30K"; VariantName = "[No Variations]"
Added Component: Designator=R2(AXIAL-0.3)
Add component (AddParameter): Name = "LatestRevisionDate"; Value = "17-Jul-2002"; VariantName = "[No Variations]"
Add component (AddParameter): Name = "LatestRevisionNote"; Value = "Re-released for DXP Platform."; VariantName = "[No Variations]"
Add component (AddParameter): Name = "PackageDescription"; Value = "Axial Device, Thru-Hole; 2 Leads; 0.3 in Pin Spacing"; VariantName = "[No Variations]"
Add component (AddParameter): Name = "PackageReference"; Value = "AXIAL-0.3"; VariantName = "[No Variations]"
Add component (AddParameter): Name = "Published"; Value = "8-Jun-2000"; VariantName = "[No Variations]"
Add component (AddParameter): Name = "Publisher"; Value = "Altium Limited"; VariantName = "[No Variations]"
Add component (AddParameter): Name = "Value"; Value = "30K"; VariantName = "[No Variations]"
Added Component: Designator=R3(AXIAL-0.3)
Add component (AddParameter): Name = "LatestRevisionDate"; Value = "17-Jul-2002"; VariantName = "[No Variations]"
Add component (AddParameter): Name = "LatestRevisionNote"; Value = "Re-released for DXP Platform."; VariantName = "[No Variations]"
Add component (AddParameter): Name = "PackageDescription"; Value = "Axial Device, Thru-Hole; 2 Leads; 0.3 in Pin Spacing"; VariantName = "[No Variations]"
Add component (AddParameter): Name = "PackageReference"; Value = "AXIAL-0.3"; VariantName = "[No Variations]"
Add component (AddParameter): Name = "Published"; Value = "8-Jun-2000"; VariantName = "[No Variations]"
Add component (AddParameter): Name = "Publisher"; Value = "Altium Limited"; VariantName = "[No Variations]"
Add component (AddParameter): Name = "Value"; Value = "7.5K"; VariantName = "[No Variations]"
Added Component: Designator=R4(AXIAL-0.3)
Add component (AddParameter): Name = "LatestRevisionDate"; Value = "17-Jul-2002"; VariantName = "[No Variations]"
Add component (AddParameter): Name = "LatestRevisionNote"; Value = "Re-released for DXP Platform."; VariantName = "[No Variations]"
Add component (AddParameter): Name = "PackageDescription"; Value = "Axial Device, Thru-Hole; 2 Leads; 0.3 in Pin Spacing"; VariantName = "[No Variations]"
Add component (AddParameter): Name = "PackageReference"; Value = "AXIAL-0.3"; VariantName = "[No Variations]"
Add component (AddParameter): Name = "Published"; Value = "8-Jun-2000"; VariantName = "[No Variations]"
Add component (AddParameter): Name = "Publisher"; Value = "Altium Limited"; VariantName = "[No Variations]"
Add component (AddParameter): Name = "Value"; Value = "7.5K"; VariantName = "[No Variations]"
Added Pin To Net: NetName=3P3 Pin=P3-5
Added Pin To Net: NetName=3P3 Pin=P3-5
Added Pin To Net: NetName=3P3 Pin=P4-5
Added Pin To Net: NetName=3P3 Pin=P4-5
Added Net: Name=3P3
Added Net: Name=12V
Added Pin To Net: NetName=Drive_EN Pin=P?-5
Added Pin To Net: NetName=Drive_EN Pin=P?-5
Added Net: Name=Drive_EN
Added Pin To Net: NetName=GND Pin=P3-2
Added Pin To Net: NetName=GND Pin=P4-2
Added Pin To Net: NetName=GND Pin=R3-2
Added Pin To Net: NetName=GND Pin=R4-2
Added Net: Name=GND
Added Pin To Net: NetName=MA1 Pin=P3-1
Added Net: Name=MA1
Added Pin To Net: NetName=MA2 Pin=P3-6
Added Net: Name=MA2
Added Pin To Net: NetName=MA_DIR Pin=P?-1
Added Net: Name=MA_DIR
Added Net: Name=MA_I_FB
Added Pin To Net: NetName=MA_I Pin=P?-12
Added Net: Name=MA_I
Added Pin To Net: NetName=MA_phaseA Pin=P3-3
Added Pin To Net: NetName=MA_phaseA Pin=P?-6
Added Pin To Net: NetName=MA_phaseA Pin=P?-6
Added Net: Name=MA_phaseA
Added Pin To Net: NetName=MA_phaseB Pin=P3-4
Added Pin To Net: NetName=MA_phaseB Pin=P?-7
Added Net: Name=MA_phaseB
Added Pin To Net: NetName=MA_PWM Pin=P?-2
Added Net: Name=MA_PWM
Added Pin To Net: NetName=MA_V_FB Pin=R1-2
Added Pin To Net: NetName=MA_V_FB Pin=R3-1
Added Net: Name=MA_V_FB
Added Pin To Net: NetName=MA_V Pin=P?-10
Added Net: Name=MA_V
Added Pin To Net: NetName=MB1 Pin=P4-1
Added Net: Name=MB1
Added Pin To Net: NetName=MB2 Pin=P4-6
Added Net: Name=MB2
Added Pin To Net: NetName=MB_DIR Pin=P?-3
Added Net: Name=MB_DIR
Added Net: Name=MB_I_FB
Added Pin To Net: NetName=MB_I Pin=P?-13
Added Net: Name=MB_I
Added Pin To Net: NetName=MB_phaseA Pin=P4-3
Added Pin To Net: NetName=MB_phaseA Pin=P?-8
Added Net: Name=MB_phaseA
Added Pin To Net: NetName=MB_phaseB Pin=P4-4
Added Pin To Net: NetName=MB_phaseB Pin=P?-9
Added Net: Name=MB_phaseB
Added Pin To Net: NetName=MB_PWM Pin=P?-4
Added Net: Name=MB_PWM
Added Pin To Net: NetName=MB_V_FB Pin=R2-2
Added Pin To Net: NetName=MB_V_FB Pin=R4-1
Added Net: Name=MB_V_FB
Added Pin To Net: NetName=MB_V Pin=P?-11
Added Net: Name=MB_V
Added Pin To Net: NetName=NetR1_1 Pin=R1-1
Added Net: Name=NetR1_1
Added Pin To Net: NetName=NetR2_1 Pin=R2-1
Added Net: Name=NetR2_1
Added Class: Name=MotorCtrl
Added Class: Name=Power
Added Room: Name=MotorCtrl
Added Rule: Name=Schematic Clearance Constraint
Added Rule: Name=Schematic Width Constraint
