Removed Pin From Net: NetName=MB1 Pin=P2-1
Change Component Footprint: Designator=C2 Old Footprint=0603F104M500NT New Footprint=C1206
Change Component Footprint: Designator=R1 Old Footprint=0603WAF3301T5E New Footprint=AXIAL-0.3
Change Component Footprint: Designator=R3 Old Footprint=0603WAF3301T5E New Footprint=AXIAL-0.3
Change Component Footprint: Designator=R6 Old Footprint=0603WAF3301T5E New Footprint=AXIAL-0.3
Change Component Footprint: Designator=R8 Old Footprint=0603WAF3301T5E New Footprint=AXIAL-0.3
Change Component Footprint: Designator=MD1 Old Footprint=MOTOR_DRIVER New Footprint=MD02
Change Component Footprint: Designator=U1 Old Footprint=OPA4277UA New Footprint=OPA4277UA/2K5
Change Component Footprint: Designator=R2 Old Footprint=PTFR0603B12K0N9 New Footprint=AXIAL-0.3
Change Component Footprint: Designator=R4 Old Footprint=PTFR0603B12K0N9 New Footprint=AXIAL-0.3
Change Component Footprint: Designator=R5 Old Footprint=PTFR0603B12K0N9 New Footprint=AXIAL-0.3
Change Component Footprint: Designator=R7 Old Footprint=PTFR0603B12K0N9 New Footprint=AXIAL-0.3
Change Component Footprint: Designator=P1 Old Footprint=S6B-XH-A New Footprint=S6B-XH-A(LF)(SN)
Change Component Footprint: Designator=P2 Old Footprint=S6B-XH-A New Footprint=S6B-XH-A(LF)(SN)
Change Component Footprint: Designator=C1 Old Footprint=VZT221M1ETR-0607 New Footprint=RB7.6-15
Change Component Comment : Designator=C1 Old Comment=25V 220uF New Comment=220uF
Change Component Comment : Designator=C2 Old Comment=50V 0.1uF New Comment=0.1uF
Change Component Comment : Designator=R1 Old Comment=0603 1/10W 3.3k New Comment=3.3k
Change Component Comment : Designator=R3 Old Comment=0603 1/10W 3.3k New Comment=3.3k
Change Component Comment : Designator=R6 Old Comment=0603 1/10W 3.3k New Comment=3.3k
Change Component Comment : Designator=R8 Old Comment=0603 1/10W 3.3k New Comment=3.3k
Change Component Comment : Designator=R2 Old Comment=0603 1/10W 12k New Comment=12k
Change Component Comment : Designator=R4 Old Comment=0603 1/10W 12k New Comment=12k
Change Component Comment : Designator=R5 Old Comment=0603 1/10W 12k New Comment=12k
Change Component Comment : Designator=R7 Old Comment=0603 1/10W 12k New Comment=12k
Change Component Comment : Designator=P1 Old Comment=MA_Pin New Comment=S6B-XH-A(LF)(SN)
Change Component Comment : Designator=P2 Old Comment=MB_Pin New Comment=S6B-XH-A(LF)(SN)
Change Component Comment : Designator=U1 Old Comment=OPA4277UA New Comment=OPA4277UA/2K5
Change Component Designator: OldDesignator=R2 NewDesignator=R5
Change Component Designator: OldDesignator=R3 NewDesignator=R2
Change Component Designator: OldDesignator=R4 NewDesignator=R6
Change Component Designator: OldDesignator=R5 NewDesignator=R3
Change Component Designator: OldDesignator=R6 NewDesignator=R7
Change Component Designator: OldDesignator=R7 NewDesignator=R4
Change component parameters: Designator = "C1" ("C1"); Footprint = "VZT221M1ETR-0607"; UniqueID = "\WBRSWGKL" ("\WBRSWGKL")
Change component parameters (AddParameter): Name = "LatestRevisionDate"; Value = "17-Jul-2002"; VariantName = "[No Variations]"
Change component parameters (AddParameter): Name = "LatestRevisionNote"; Value = "Re-released for DXP Platform."; VariantName = "[No Variations]"
Change component parameters (AddParameter): Name = "PackageDescription"; Value = "Polarized Capacitor (Radial); 2 Leads"; VariantName = "[No Variations]"
Change component parameters (AddParameter): Name = "PackageReference"; Value = "RB7.6-15"; VariantName = "[No Variations]"
Change component parameters (AddParameter): Name = "Published"; Value = "8-Jun-2000"; VariantName = "[No Variations]"
Change component parameters (AddParameter): Name = "Publisher"; Value = "Altium Limited"; VariantName = "[No Variations]"
Change component parameters: Designator = "C2" ("C2"); Footprint = "0603F104M500NT"; UniqueID = "\LCBHNEJG" ("\LCBHNEJG")
Change component parameters (AddParameter): Name = "LatestRevisionDate"; Value = "29-May-2009"; VariantName = "[No Variations]"
Change component parameters (AddParameter): Name = "LatestRevisionNote"; Value = "IPC-7351 Footprint Added."; VariantName = "[No Variations]"
Change component parameters (AddParameter): Name = "PackageDescription"; Value = "Chip Capacitor"; VariantName = "[No Variations]"
Change component parameters (AddParameter): Name = "PackageReference"; Value = "C1206"; VariantName = "[No Variations]"
Change component parameters (AddParameter): Name = "Published"; Value = "8-Jun-2000"; VariantName = "[No Variations]"
Change component parameters (AddParameter): Name = "Publisher"; Value = "Altium Limited"; VariantName = "[No Variations]"
Change component parameters: Designator = "P1" ("P1"); Footprint = "S6B-XH-A"; UniqueID = "\MAFSWNQT" ("\MAFSWNQT")
Change component parameters: Designator = "P2" ("P2"); Footprint = "S6B-XH-A"; UniqueID = "\KBALAMEN" ("\KBALAMEN")
Add Pin To Net: Unknown Pin: Pin MD1-15
Add Pin To Net: Unknown Pin: Pin MD1-16
Add Pin To Net: Unknown Pin: Pin MD1-17
Add Pin To Net: Unknown Pin: Pin MD1-18
Add Pin To Net: Unknown Pin: Pin MD1-19
Add Pin To Net: Unknown Pin: Pin MD1-20
Add Pin To Net: Unknown Pin: Pin MD1-21
Add Pin To Net: Unknown Pin: Pin MD1-22
Add Pin To Net: Unknown Pin: Pin MD1-23
Add Pin To Net: Unknown Pin: Pin MD1-24
Add Pin To Net: Unknown Pin: Pin MD1-25
Add Pin To Net: Unknown Pin: Pin MD1-26
Add Pin To Net: Unknown Pin: Pin MD1-27
Add Pin To Net: Unknown Pin: Pin MD1-28
Change Net Name : Old Net Name=D_5V New Net Name=OPA_5V
Added Member To Class: ClassName=MotorCtrl Member=Component C2 0.1uF
Added Member To Class: ClassName=MotorCtrl Member=Component R1 3.3k
Added Member To Class: ClassName=MotorCtrl Member=Component R3 12k
Added Member To Class: ClassName=MotorCtrl Member=Component R5 12k
Added Member To Class: ClassName=MotorCtrl Member=Component R7 3.3k
Added Member To Class: ClassName=MotorCtrl Member=Component R8 3.3k
Added Room: Name=MotorCtrl
