Removed Pin From Net: NetName=GND Pin=U1-14
Removed Pin From Net: NetName=GND Pin=U1-14
Removed Member From Class: ClassName=Power Member=GND
Added Component: Designator=P1(PowerPin)
Added Component: Designator=P2(XH-A 6P)
Added Component: Designator=P3(XH-A 6P)
Added Component: Designator=P4(XH-A 13P)
Add component (AddParameter): Name = "LatestRevisionDate"; Value = "17-Jul-2002"; VariantName = "[No Variations]"
Add component (AddParameter): Name = "LatestRevisionNote"; Value = "Re-released for DXP Platform."; VariantName = "[No Variations]"
Add component (AddParameter): Name = "Publisher"; Value = "Altium Limited"; VariantName = "[No Variations]"
Added Pin To Net: NetName=12V Pin=P1-3
Added Pin To Net: NetName=3P3 Pin=P1-5
Added Pin To Net: NetName=GND Pin=P1-6
Added Pin To Net: NetName=MA1 Pin=P2-1
Added Pin To Net: NetName=GND Pin=P2-2
Added Pin To Net: NetName=MA_phaseA Pin=P2-3
Added Pin To Net: NetName=MA_phaseB Pin=P2-4
Added Pin To Net: NetName=3P3 Pin=P2-5
Added Pin To Net: NetName=MA2 Pin=P2-6
Added Pin To Net: NetName=MB1 Pin=P3-1
Added Pin To Net: NetName=GND Pin=P3-2
Added Pin To Net: NetName=MB_phaseA Pin=P3-3
Added Pin To Net: NetName=MB_phaseB Pin=P3-4
Added Pin To Net: NetName=3P3 Pin=P3-5
Added Pin To Net: NetName=MB2 Pin=P3-6
Added Pin To Net: NetName=MA_DIR Pin=P4-1
Added Pin To Net: NetName=MA_PWM Pin=P4-2
Added Pin To Net: NetName=MB_DIR Pin=P4-3
Added Pin To Net: NetName=MB_PWM Pin=P4-4
Added Pin To Net: NetName=Drive_EN Pin=P4-5
Added Pin To Net: NetName=MA_phaseA Pin=P4-6
Added Pin To Net: NetName=MA_phaseB Pin=P4-7
Added Pin To Net: NetName=MB_phaseA Pin=P4-8
Added Pin To Net: NetName=MB_phaseB Pin=P4-9
Added Pin To Net: NetName=MA_V Pin=P4-10
Added Pin To Net: NetName=MB_V Pin=P4-11
Added Pin To Net: NetName=MA_I Pin=P4-12
Added Pin To Net: NetName=MB_I Pin=P4-13
Change Net Name : Old Net Name=GND New Net Name=S_GND
Added Pin To Net: NetName=B_GND Pin=P1-4
Added Pin To Net: NetName=B_GND Pin=U1-14
Added Pin To Net: NetName=B_GND Pin=U1-14
Added Net: Name=B_GND
Added Member To Class: ClassName=MotorCtrl Member=Component P1 PowerPin
Added Member To Class: ClassName=MotorCtrl Member=Component P2 MotorPin
Added Member To Class: ClassName=MotorCtrl Member=Component P3 MotorPin
Added Member To Class: ClassName=MotorCtrl Member=Component P4 Ctrl&FB_Pin
Added Member To Class: ClassName=Power Member=Wire B_GND
Added Room: Name=MotorCtrl
