Removed Pin From Net: NetName=A_12V Pin=MD1-1
Removed Pin From Net: NetName=MA1 Pin=MD1-2
Removed Pin From Net: NetName=MB_DIR Pin=MD1-3
Removed Pin From Net: NetName=MB1 Pin=MD1-4
Removed Pin From Net: NetName=MB2 Pin=MD1-5
Removed Pin From Net: NetName=A_GND Pin=MD1-6
Added Pin To Net: NetName=D_GND Pin=MD1-1
Added Pin To Net: NetName=MA_DIR Pin=MD1-2
Added Pin To Net: NetName=MA_PWM Pin=MD1-3
Added Pin To Net: NetName=MB_DIR Pin=MD1-4
Added Pin To Net: NetName=MB_PWM Pin=MD1-5
Added Pin To Net: NetName=Drive_EN Pin=MD1-6
Add Pin To Net: Unknown Pin: Pin MD1-15
Add Pin To Net: Unknown Pin: Pin MD1-16
Add Pin To Net: Unknown Pin: Pin MD1-17
Add Pin To Net: Unknown Pin: Pin MD1-18
Add Pin To Net: Unknown Pin: Pin MD1-19
Add Pin To Net: Unknown Pin: Pin MD1-20
Add Pin To Net: Unknown Pin: Pin MD1-21
Add Pin To Net: Unknown Pin: Pin MD1-22
Add Pin To Net: Unknown Pin: Pin MD1-23
Add Pin To Net: Unknown Pin: Pin MD1-24
Add Pin To Net: Unknown Pin: Pin MD1-25
Add Pin To Net: Unknown Pin: Pin MD1-26
Add Pin To Net: Unknown Pin: Pin MD1-27
Add Pin To Net: Unknown Pin: Pin MD1-28
