Added Component: Designator=C1(RB7.6-15)
Add component (AddParameter): Name = "LatestRevisionDate"; Value = "17-Jul-2002"; VariantName = "[No Variations]"
Add component (AddParameter): Name = "LatestRevisionNote"; Value = "Re-released for DXP Platform."; VariantName = "[No Variations]"
Add component (AddParameter): Name = "PackageDescription"; Value = "Polarized Capacitor (Radial); 2 Leads"; VariantName = "[No Variations]"
Add component (AddParameter): Name = "PackageReference"; Value = "RB7.6-15"; VariantName = "[No Variations]"
Add component (AddParameter): Name = "Published"; Value = "8-Jun-2000"; VariantName = "[No Variations]"
Add component (AddParameter): Name = "Publisher"; Value = "Altium Limited"; VariantName = "[No Variations]"
Added Component: Designator=C2(C1206)
Add component (AddParameter): Name = "LatestRevisionDate"; Value = "29-May-2009"; VariantName = "[No Variations]"
Add component (AddParameter): Name = "LatestRevisionNote"; Value = "IPC-7351 Footprint Added."; VariantName = "[No Variations]"
Add component (AddParameter): Name = "PackageDescription"; Value = "Chip Capacitor"; VariantName = "[No Variations]"
Add component (AddParameter): Name = "PackageReference"; Value = "C1206"; VariantName = "[No Variations]"
Add component (AddParameter): Name = "Published"; Value = "8-Jun-2000"; VariantName = "[No Variations]"
Add component (AddParameter): Name = "Publisher"; Value = "Altium Limited"; VariantName = "[No Variations]"
Added Component: Designator=DU1(MBRD1035CTLT4G)
Add component (AddParameter): Name = "buy_link"; Value = "https://www.ruten.com.tw/item/show?21744290003226"; VariantName = "[No Variations]"
Add component (AddParameter): Name = "datasheet"; Value = "https://datasheet.ciiva.com/905/mbrd1035ctl-d-905952.pdf?src-supplier=Digi-Key"; VariantName = "[No Variations]"
Added Component: Designator=DU2(MBRD1035CTLT4G)
Add component (AddParameter): Name = "buy_link"; Value = "https://www.ruten.com.tw/item/show?21744290003226"; VariantName = "[No Variations]"
Add component (AddParameter): Name = "datasheet"; Value = "https://datasheet.ciiva.com/905/mbrd1035ctl-d-905952.pdf?src-supplier=Digi-Key"; VariantName = "[No Variations]"
Added Component: Designator=MD1(MD02)
Add component (AddParameter): Name = "buy_link"; Value = "https://www.ruten.com.tw/item/show?21811773783671"; VariantName = "[No Variations]"
Added Component: Designator=P1(S6B-XH-A(LF)(SN))
Added Component: Designator=P2(S6B-XH-A(LF)(SN))
Added Component: Designator=R1(AXIAL-0.3)
Add component (AddParameter): Name = "LatestRevisionDate"; Value = "17-Jul-2002"; VariantName = "[No Variations]"
Add component (AddParameter): Name = "LatestRevisionNote"; Value = "Re-released for DXP Platform."; VariantName = "[No Variations]"
Add component (AddParameter): Name = "PackageDescription"; Value = "Axial Device, Thru-Hole; 2 Leads; 0.3 in Pin Spacing"; VariantName = "[No Variations]"
Add component (AddParameter): Name = "PackageReference"; Value = "AXIAL-0.3"; VariantName = "[No Variations]"
Add component (AddParameter): Name = "Published"; Value = "8-Jun-2000"; VariantName = "[No Variations]"
Add component (AddParameter): Name = "Publisher"; Value = "Altium Limited"; VariantName = "[No Variations]"
Added Component: Designator=R2(AXIAL-0.3)
Add component (AddParameter): Name = "LatestRevisionDate"; Value = "17-Jul-2002"; VariantName = "[No Variations]"
Add component (AddParameter): Name = "LatestRevisionNote"; Value = "Re-released for DXP Platform."; VariantName = "[No Variations]"
Add component (AddParameter): Name = "PackageDescription"; Value = "Axial Device, Thru-Hole; 2 Leads; 0.3 in Pin Spacing"; VariantName = "[No Variations]"
Add component (AddParameter): Name = "PackageReference"; Value = "AXIAL-0.3"; VariantName = "[No Variations]"
Add component (AddParameter): Name = "Published"; Value = "8-Jun-2000"; VariantName = "[No Variations]"
Add component (AddParameter): Name = "Publisher"; Value = "Altium Limited"; VariantName = "[No Variations]"
Added Component: Designator=R3(AXIAL-0.3)
Add component (AddParameter): Name = "LatestRevisionDate"; Value = "17-Jul-2002"; VariantName = "[No Variations]"
Add component (AddParameter): Name = "LatestRevisionNote"; Value = "Re-released for DXP Platform."; VariantName = "[No Variations]"
Add component (AddParameter): Name = "PackageDescription"; Value = "Axial Device, Thru-Hole; 2 Leads; 0.3 in Pin Spacing"; VariantName = "[No Variations]"
Add component (AddParameter): Name = "PackageReference"; Value = "AXIAL-0.3"; VariantName = "[No Variations]"
Add component (AddParameter): Name = "Published"; Value = "8-Jun-2000"; VariantName = "[No Variations]"
Add component (AddParameter): Name = "Publisher"; Value = "Altium Limited"; VariantName = "[No Variations]"
Added Component: Designator=R4(AXIAL-0.3)
Add component (AddParameter): Name = "LatestRevisionDate"; Value = "17-Jul-2002"; VariantName = "[No Variations]"
Add component (AddParameter): Name = "LatestRevisionNote"; Value = "Re-released for DXP Platform."; VariantName = "[No Variations]"
Add component (AddParameter): Name = "PackageDescription"; Value = "Axial Device, Thru-Hole; 2 Leads; 0.3 in Pin Spacing"; VariantName = "[No Variations]"
Add component (AddParameter): Name = "PackageReference"; Value = "AXIAL-0.3"; VariantName = "[No Variations]"
Add component (AddParameter): Name = "Published"; Value = "8-Jun-2000"; VariantName = "[No Variations]"
Add component (AddParameter): Name = "Publisher"; Value = "Altium Limited"; VariantName = "[No Variations]"
Added Component: Designator=R5(AXIAL-0.3)
Add component (AddParameter): Name = "LatestRevisionDate"; Value = "17-Jul-2002"; VariantName = "[No Variations]"
Add component (AddParameter): Name = "LatestRevisionNote"; Value = "Re-released for DXP Platform."; VariantName = "[No Variations]"
Add component (AddParameter): Name = "PackageDescription"; Value = "Axial Device, Thru-Hole; 2 Leads; 0.3 in Pin Spacing"; VariantName = "[No Variations]"
Add component (AddParameter): Name = "PackageReference"; Value = "AXIAL-0.3"; VariantName = "[No Variations]"
Add component (AddParameter): Name = "Published"; Value = "8-Jun-2000"; VariantName = "[No Variations]"
Add component (AddParameter): Name = "Publisher"; Value = "Altium Limited"; VariantName = "[No Variations]"
Added Component: Designator=R6(AXIAL-0.3)
Add component (AddParameter): Name = "LatestRevisionDate"; Value = "17-Jul-2002"; VariantName = "[No Variations]"
Add component (AddParameter): Name = "LatestRevisionNote"; Value = "Re-released for DXP Platform."; VariantName = "[No Variations]"
Add component (AddParameter): Name = "PackageDescription"; Value = "Axial Device, Thru-Hole; 2 Leads; 0.3 in Pin Spacing"; VariantName = "[No Variations]"
Add component (AddParameter): Name = "PackageReference"; Value = "AXIAL-0.3"; VariantName = "[No Variations]"
Add component (AddParameter): Name = "Published"; Value = "8-Jun-2000"; VariantName = "[No Variations]"
Add component (AddParameter): Name = "Publisher"; Value = "Altium Limited"; VariantName = "[No Variations]"
Added Component: Designator=R7(AXIAL-0.3)
Add component (AddParameter): Name = "LatestRevisionDate"; Value = "17-Jul-2002"; VariantName = "[No Variations]"
Add component (AddParameter): Name = "LatestRevisionNote"; Value = "Re-released for DXP Platform."; VariantName = "[No Variations]"
Add component (AddParameter): Name = "PackageDescription"; Value = "Axial Device, Thru-Hole; 2 Leads; 0.3 in Pin Spacing"; VariantName = "[No Variations]"
Add component (AddParameter): Name = "PackageReference"; Value = "AXIAL-0.3"; VariantName = "[No Variations]"
Add component (AddParameter): Name = "Published"; Value = "8-Jun-2000"; VariantName = "[No Variations]"
Add component (AddParameter): Name = "Publisher"; Value = "Altium Limited"; VariantName = "[No Variations]"
Added Component: Designator=R8(AXIAL-0.3)
Add component (AddParameter): Name = "LatestRevisionDate"; Value = "17-Jul-2002"; VariantName = "[No Variations]"
Add component (AddParameter): Name = "LatestRevisionNote"; Value = "Re-released for DXP Platform."; VariantName = "[No Variations]"
Add component (AddParameter): Name = "PackageDescription"; Value = "Axial Device, Thru-Hole; 2 Leads; 0.3 in Pin Spacing"; VariantName = "[No Variations]"
Add component (AddParameter): Name = "PackageReference"; Value = "AXIAL-0.3"; VariantName = "[No Variations]"
Add component (AddParameter): Name = "Published"; Value = "8-Jun-2000"; VariantName = "[No Variations]"
Add component (AddParameter): Name = "Publisher"; Value = "Altium Limited"; VariantName = "[No Variations]"
Added Component: Designator=U1(OPA4277UA/2K5)
Add component (AddParameter): Name = "buy_link"; Value = "https://www.ruten.com.tw/item/show?22015419000992"; VariantName = "[No Variations]"
Add component (AddParameter): Name = "datasheet"; Value = "https://datasheet.ciiva.com/27050/905643-27050822.pdf?src-supplier=Jameco"; VariantName = "[No Variations]"
Added Pin To Net: NetName=OPA_5V Pin=C1-1
Added Pin To Net: NetName=D_GND Pin=C1-2
Added Pin To Net: NetName=D_GND Pin=C2-1
Added Pin To Net: NetName=OPA_5V Pin=C2-2
Added Pin To Net: NetName=MA2 Pin=DU1-1
Added Pin To Net: NetName=MA1 Pin=DU1-3
Added Pin To Net: NetName=VSA_Origin Pin=DU1-4
Added Pin To Net: NetName=MB2 Pin=DU2-1
Added Pin To Net: NetName=MB1 Pin=DU2-3
Added Pin To Net: NetName=VSB_Origin Pin=DU2-4
Added Pin To Net: NetName=D_GND Pin=MD1-1
Added Pin To Net: NetName=MA_DIR Pin=MD1-2
Added Pin To Net: NetName=MA_PWM Pin=MD1-3
Added Pin To Net: NetName=MB_DIR Pin=MD1-4
Added Pin To Net: NetName=MB_PWM Pin=MD1-5
Added Pin To Net: NetName=Drive_EN Pin=MD1-6
Added Pin To Net: NetName=CSA_Origin Pin=MD1-7
Added Pin To Net: NetName=CSB_Origin Pin=MD1-8
Added Pin To Net: NetName=A_12V Pin=MD1-9
Added Pin To Net: NetName=A_12V Pin=MD1-9
Added Pin To Net: NetName=MA1 Pin=MD1-10
Added Pin To Net: NetName=MA1 Pin=MD1-10
Added Pin To Net: NetName=MA2 Pin=MD1-11
Added Pin To Net: NetName=MA2 Pin=MD1-11
Added Pin To Net: NetName=MB1 Pin=MD1-12
Added Pin To Net: NetName=MB1 Pin=MD1-12
Added Pin To Net: NetName=MB2 Pin=MD1-13
Added Pin To Net: NetName=MB2 Pin=MD1-13
Added Pin To Net: NetName=A_GND Pin=MD1-14
Added Pin To Net: NetName=A_GND Pin=MD1-14
Add Pin To Net: Unknown Pin: Pin MD1-15
Add Pin To Net: Unknown Pin: Pin MD1-16
Add Pin To Net: Unknown Pin: Pin MD1-17
Add Pin To Net: Unknown Pin: Pin MD1-18
Add Pin To Net: Unknown Pin: Pin MD1-19
Add Pin To Net: Unknown Pin: Pin MD1-20
Add Pin To Net: Unknown Pin: Pin MD1-21
Add Pin To Net: Unknown Pin: Pin MD1-22
Add Pin To Net: Unknown Pin: Pin MD1-23
Add Pin To Net: Unknown Pin: Pin MD1-24
Add Pin To Net: Unknown Pin: Pin MD1-25
Add Pin To Net: Unknown Pin: Pin MD1-26
Add Pin To Net: Unknown Pin: Pin MD1-27
Add Pin To Net: Unknown Pin: Pin MD1-28
Added Pin To Net: NetName=MA1 Pin=P1-1
Added Pin To Net: NetName=D_GND Pin=P1-2
Added Pin To Net: NetName=MA_phaseA Pin=P1-3
Added Pin To Net: NetName=MA_phaseB Pin=P1-4
Added Pin To Net: NetName=3P3 Pin=P1-5
Added Pin To Net: NetName=MA2 Pin=P1-6
Added Pin To Net: NetName=D_GND Pin=P2-2
Added Pin To Net: NetName=MB_phaseA Pin=P2-3
Added Pin To Net: NetName=MB_phaseB Pin=P2-4
Added Pin To Net: NetName=3P3 Pin=P2-5
Added Pin To Net: NetName=MB2 Pin=P2-6
Added Pin To Net: NetName=OPA_A- Pin=R1-1
Added Pin To Net: NetName=OPA_AO Pin=R1-2
Added Pin To Net: NetName=OPA_B- Pin=R2-1
Added Pin To Net: NetName=OPA_BO Pin=R2-2
Added Pin To Net: NetName=VSA_Origin Pin=R3-1
Added Pin To Net: NetName=OPA_B+ Pin=R3-2
Added Pin To Net: NetName=VSB_Origin Pin=R4-1
Added Pin To Net: NetName=OPA_A+ Pin=R4-2
Added Pin To Net: NetName=D_GND Pin=R5-1
Added Pin To Net: NetName=OPA_A- Pin=R5-2
Added Pin To Net: NetName=D_GND Pin=R6-1
Added Pin To Net: NetName=OPA_B- Pin=R6-2
Added Pin To Net: NetName=OPA_B+ Pin=R7-1
Added Pin To Net: NetName=D_GND Pin=R7-2
Added Pin To Net: NetName=OPA_A+ Pin=R8-1
Added Pin To Net: NetName=D_GND Pin=R8-2
Added Pin To Net: NetName=OPA_AO Pin=U1-1
Added Pin To Net: NetName=OPA_A- Pin=U1-2
Added Pin To Net: NetName=OPA_A+ Pin=U1-3
Added Pin To Net: NetName=OPA_5V Pin=U1-4
Added Pin To Net: NetName=OPA_B+ Pin=U1-5
Added Pin To Net: NetName=OPA_B- Pin=U1-6
Added Pin To Net: NetName=OPA_BO Pin=U1-7
Added Pin To Net: NetName=OPA_CO Pin=U1-8
Added Pin To Net: NetName=OPA_CO Pin=U1-9
Added Pin To Net: NetName=CSA_Origin Pin=U1-10
Added Pin To Net: NetName=D_GND Pin=U1-11
Added Pin To Net: NetName=CSB_Origin Pin=U1-12
Added Pin To Net: NetName=OPA_DO Pin=U1-13
Added Pin To Net: NetName=OPA_DO Pin=U1-14
Added Member To Class: ClassName=MotorCtrl Member=Component C1 220uF
Added Member To Class: ClassName=MotorCtrl Member=Component C2 0.1uF
Added Member To Class: ClassName=MotorCtrl Member=Component DU1 MBRD1035CTLT4G
Added Member To Class: ClassName=MotorCtrl Member=Component DU2 MBRD1035CTLT4G
Added Member To Class: ClassName=MotorCtrl Member=Component MD1 MD02
Added Member To Class: ClassName=MotorCtrl Member=Component P1 S6B-XH-A(LF)(SN)
Added Member To Class: ClassName=MotorCtrl Member=Component P2 S6B-XH-A(LF)(SN)
Added Member To Class: ClassName=MotorCtrl Member=Component R1 3.3k
Added Member To Class: ClassName=MotorCtrl Member=Component R2 3.3k
Added Member To Class: ClassName=MotorCtrl Member=Component R3 12k
Added Member To Class: ClassName=MotorCtrl Member=Component R4 12k
Added Member To Class: ClassName=MotorCtrl Member=Component R5 12k
Added Member To Class: ClassName=MotorCtrl Member=Component R6 12k
Added Member To Class: ClassName=MotorCtrl Member=Component R7 3.3k
Added Member To Class: ClassName=MotorCtrl Member=Component R8 3.3k
Added Member To Class: ClassName=MotorCtrl Member=Component U1 OPA4277UA/2K5
Added Room: Name=MotorCtrl
