Added Component: Designator=J1(PWR2.5)
Added Component: Designator=S2(SW_SPST)
Add component (AddParameter): Name = "LatestRevisionDate"; Value = "17-Jul-2002"; VariantName = "[No Variations]"
Add component (AddParameter): Name = "LatestRevisionNote"; Value = "Re-released for DXP Platform."; VariantName = "[No Variations]"
Add component (AddParameter): Name = "PackageDescription"; Value = "Switch; 2 Leads"; VariantName = "[No Variations]"
Add component (AddParameter): Name = "PackageReference"; Value = "SPST-2"; VariantName = "[No Variations]"
Add component (AddParameter): Name = "Published"; Value = "24-Mar-1999"; VariantName = "[No Variations]"
Add component (AddParameter): Name = "Publisher"; Value = "Altium Limited"; VariantName = "[No Variations]"
Added Pin To Net: NetName=NetB1_3 Pin=J1-1
Added Pin To Net: NetName=GND Pin=J1-2
Added Pin To Net: NetName=GND Pin=J1-3
Added Pin To Net: NetName=NetB1_3 Pin=S2-1
Added Pin To Net: NetName=NetB1_3 Pin=S2-1
Added Pin To Net: NetName=NetS2_2 Pin=S2-2
Added Pin To Net: NetName=NetS2_2 Pin=S2-2
Added Class: Name=Power
Added Member To Class: ClassName=Power Member=Component J1 PWR2.5
Added Member To Class: ClassName=Power Member=Component S2 ºò«æ¶}Ãö
Added Room: Name=Power
Added Rule: Name=Schematic Clearance Constraint
Added Rule: Name=Schematic Routing Via Style
Added Rule: Name=Schematic Width Constraint
