Added Component: Designator=P3(KF2EDGR-5.08 3P)
Add component (AddParameter): Name = "LatestRevisionDate"; Value = "17-Jul-2002"; VariantName = "[No Variations]"
Add component (AddParameter): Name = "LatestRevisionNote"; Value = "Re-released for DXP Platform."; VariantName = "[No Variations]"
Add component (AddParameter): Name = "Publisher"; Value = "Altium Limited"; VariantName = "[No Variations]"
Added Component: Designator=P4(KF2EDGR-5.08 8P)
Add component (AddParameter): Name = "LatestRevisionDate"; Value = "17-Jul-2002"; VariantName = "[No Variations]"
Add component (AddParameter): Name = "LatestRevisionNote"; Value = "Re-released for DXP Platform."; VariantName = "[No Variations]"
Add component (AddParameter): Name = "Publisher"; Value = "Altium Limited"; VariantName = "[No Variations]"
Add Pin To Net: Unknown Pin: Pin J1-3
Added Pin To Net: NetName=D_5V Pin=P3-1
Added Pin To Net: NetName=D_3P3 Pin=P3-2
Added Pin To Net: NetName=D_GND Pin=P3-3
Added Pin To Net: NetName=A_12V Pin=P4-1
Added Pin To Net: NetName=A_GND Pin=P4-2
Added Pin To Net: NetName=D_3P3 Pin=P4-3
Added Pin To Net: NetName=D_GND Pin=P4-4
Added Pin To Net: NetName=A_12V Pin=P4-5
Added Pin To Net: NetName=A_GND Pin=P4-6
Added Pin To Net: NetName=D_3P3 Pin=P4-7
Added Pin To Net: NetName=D_GND Pin=P4-8
Added Member To Class: ClassName=Power Member=Component P3 Header 3
Added Member To Class: ClassName=Power Member=Component P4 Header 8
