Added Component: Designator=P2(Ctrl&FB_pin)
Add component (AddParameter): Name = "LatestRevisionDate"; Value = "17-Jul-2002"; VariantName = "[No Variations]"
Add component (AddParameter): Name = "LatestRevisionNote"; Value = "Re-released for DXP Platform."; VariantName = "[No Variations]"
Add component (AddParameter): Name = "Publisher"; Value = "Altium Limited"; VariantName = "[No Variations]"
Added Component: Designator=P3(Ctrl&FB_pin)
Add component (AddParameter): Name = "LatestRevisionDate"; Value = "17-Jul-2002"; VariantName = "[No Variations]"
Add component (AddParameter): Name = "LatestRevisionNote"; Value = "Re-released for DXP Platform."; VariantName = "[No Variations]"
Add component (AddParameter): Name = "Publisher"; Value = "Altium Limited"; VariantName = "[No Variations]"
Added Pin To Net: NetName=MA_DIR Pin=P2-1
Added Pin To Net: NetName=MA_PWM Pin=P2-2
Added Pin To Net: NetName=MB_DIR Pin=P2-3
Added Pin To Net: NetName=MB_PWM Pin=P2-4
Added Pin To Net: NetName=Drive1_EN Pin=P2-5
Added Pin To Net: NetName=MA_phaseA Pin=P2-6
Added Pin To Net: NetName=MA_phaseB Pin=P2-7
Added Pin To Net: NetName=MB_phaseA Pin=P2-8
Added Pin To Net: NetName=MB_phaseB Pin=P2-9
Added Pin To Net: NetName=MA_V Pin=P2-10
Added Pin To Net: NetName=MB_V Pin=P2-11
Added Pin To Net: NetName=MA_I Pin=P2-12
Added Pin To Net: NetName=MB_I Pin=P2-13
Added Pin To Net: NetName=MC_DIR Pin=P3-1
Added Pin To Net: NetName=MC_PWM Pin=P3-2
Added Pin To Net: NetName=MD_DIR Pin=P3-3
Added Pin To Net: NetName=MD_PWM Pin=P3-4
Added Pin To Net: NetName=Drive2_EN Pin=P3-5
Added Pin To Net: NetName=MC_phaseA Pin=P3-6
Added Pin To Net: NetName=MC_phaseB Pin=P3-7
Added Pin To Net: NetName=MD_phaseA Pin=P3-8
Added Pin To Net: NetName=MD_phaseB Pin=P3-9
Added Pin To Net: NetName=MC_V Pin=P3-10
Added Pin To Net: NetName=MD_V Pin=P3-11
Added Pin To Net: NetName=MC_I Pin=P3-12
Added Pin To Net: NetName=MD_I Pin=P3-13
Added Member To Class: ClassName=Communication Member=Component P2 Ctrl&FB_Pin
Added Member To Class: ClassName=Communication Member=Component P3 Ctrl&FB_Pin
Added Member To Class: ClassName=Communication Member=Component P? Power Pin
Added Member To Class: ClassName=Communication Member=Component P? GPIO_1(JP2)
